Determining if the pthread_create exist failed with the following output:
Change Dir: /home/student/rospackages_ws/build/ur5_e_moveit_config/CMakeFiles/CMakeTmp

Run Build Command:"/usr/bin/make" "cmTC_95765/fast"
/usr/bin/make -f CMakeFiles/cmTC_95765.dir/build.make CMakeFiles/cmTC_95765.dir/build
make[1]: Map '/home/student/rospackages_ws/build/ur5_e_moveit_config/CMakeFiles/CMakeTmp' wordt binnengegaan
Building C object CMakeFiles/cmTC_95765.dir/CheckSymbolExists.c.o
/usr/bin/cc    -o CMakeFiles/cmTC_95765.dir/CheckSymbolExists.c.o   -c /home/student/rospackages_ws/build/ur5_e_moveit_config/CMakeFiles/CMakeTmp/CheckSymbolExists.c
Linking C executable cmTC_95765
/usr/bin/cmake -E cmake_link_script CMakeFiles/cmTC_95765.dir/link.txt --verbose=1
/usr/bin/cc      -rdynamic CMakeFiles/cmTC_95765.dir/CheckSymbolExists.c.o  -o cmTC_95765 
CMakeFiles/cmTC_95765.dir/CheckSymbolExists.c.o: In function `main':
CheckSymbolExists.c:(.text+0x1b): undefined reference to `pthread_create'
collect2: error: ld returned 1 exit status
CMakeFiles/cmTC_95765.dir/build.make:97: recipe for target 'cmTC_95765' failed
make[1]: *** [cmTC_95765] Error 1
make[1]: Map '/home/student/rospackages_ws/build/ur5_e_moveit_config/CMakeFiles/CMakeTmp' wordt verlaten
Makefile:126: recipe for target 'cmTC_95765/fast' failed
make: *** [cmTC_95765/fast] Error 2

File /home/student/rospackages_ws/build/ur5_e_moveit_config/CMakeFiles/CMakeTmp/CheckSymbolExists.c:
/* */
#include <pthread.h>

int main(int argc, char** argv)
{
  (void)argv;
#ifndef pthread_create
  return ((int*)(&pthread_create))[argc];
#else
  (void)argc;
  return 0;
#endif
}

Determining if the function pthread_create exists in the pthreads failed with the following output:
Change Dir: /home/student/rospackages_ws/build/ur5_e_moveit_config/CMakeFiles/CMakeTmp

Run Build Command:"/usr/bin/make" "cmTC_b3da9/fast"
/usr/bin/make -f CMakeFiles/cmTC_b3da9.dir/build.make CMakeFiles/cmTC_b3da9.dir/build
make[1]: Map '/home/student/rospackages_ws/build/ur5_e_moveit_config/CMakeFiles/CMakeTmp' wordt binnengegaan
Building C object CMakeFiles/cmTC_b3da9.dir/CheckFunctionExists.c.o
/usr/bin/cc   -DCHECK_FUNCTION_EXISTS=pthread_create   -o CMakeFiles/cmTC_b3da9.dir/CheckFunctionExists.c.o   -c /usr/share/cmake-3.10/Modules/CheckFunctionExists.c
Linking C executable cmTC_b3da9
/usr/bin/cmake -E cmake_link_script CMakeFiles/cmTC_b3da9.dir/link.txt --verbose=1
/usr/bin/cc  -DCHECK_FUNCTION_EXISTS=pthread_create    -rdynamic CMakeFiles/cmTC_b3da9.dir/CheckFunctionExists.c.o  -o cmTC_b3da9 -lpthreads 
/usr/bin/ld: cannot find -lpthreads
collect2: error: ld returned 1 exit status
CMakeFiles/cmTC_b3da9.dir/build.make:97: recipe for target 'cmTC_b3da9' failed
make[1]: *** [cmTC_b3da9] Error 1
make[1]: Map '/home/student/rospackages_ws/build/ur5_e_moveit_config/CMakeFiles/CMakeTmp' wordt verlaten
Makefile:126: recipe for target 'cmTC_b3da9/fast' failed
make: *** [cmTC_b3da9/fast] Error 2


