Determining if the pthread_create exist failed with the following output:
Change Dir: /home/student/rospackages_ws/build/catkin_tools_prebuild/CMakeFiles/CMakeTmp

Run Build Command:"/usr/bin/make" "cmTC_f38ec/fast"
/usr/bin/make -f CMakeFiles/cmTC_f38ec.dir/build.make CMakeFiles/cmTC_f38ec.dir/build
make[1]: Map '/home/student/rospackages_ws/build/catkin_tools_prebuild/CMakeFiles/CMakeTmp' wordt binnengegaan
Building C object CMakeFiles/cmTC_f38ec.dir/CheckSymbolExists.c.o
/usr/bin/cc    -o CMakeFiles/cmTC_f38ec.dir/CheckSymbolExists.c.o   -c /home/student/rospackages_ws/build/catkin_tools_prebuild/CMakeFiles/CMakeTmp/CheckSymbolExists.c
Linking C executable cmTC_f38ec
/usr/bin/cmake -E cmake_link_script CMakeFiles/cmTC_f38ec.dir/link.txt --verbose=1
/usr/bin/cc      -rdynamic CMakeFiles/cmTC_f38ec.dir/CheckSymbolExists.c.o  -o cmTC_f38ec 
CMakeFiles/cmTC_f38ec.dir/CheckSymbolExists.c.o: In function `main':
CheckSymbolExists.c:(.text+0x1b): undefined reference to `pthread_create'
collect2: error: ld returned 1 exit status
CMakeFiles/cmTC_f38ec.dir/build.make:97: recipe for target 'cmTC_f38ec' failed
make[1]: *** [cmTC_f38ec] Error 1
make[1]: Map '/home/student/rospackages_ws/build/catkin_tools_prebuild/CMakeFiles/CMakeTmp' wordt verlaten
Makefile:126: recipe for target 'cmTC_f38ec/fast' failed
make: *** [cmTC_f38ec/fast] Error 2

File /home/student/rospackages_ws/build/catkin_tools_prebuild/CMakeFiles/CMakeTmp/CheckSymbolExists.c:
/* */
#include <pthread.h>

int main(int argc, char** argv)
{
  (void)argv;
#ifndef pthread_create
  return ((int*)(&pthread_create))[argc];
#else
  (void)argc;
  return 0;
#endif
}

Determining if the function pthread_create exists in the pthreads failed with the following output:
Change Dir: /home/student/rospackages_ws/build/catkin_tools_prebuild/CMakeFiles/CMakeTmp

Run Build Command:"/usr/bin/make" "cmTC_397cc/fast"
/usr/bin/make -f CMakeFiles/cmTC_397cc.dir/build.make CMakeFiles/cmTC_397cc.dir/build
make[1]: Map '/home/student/rospackages_ws/build/catkin_tools_prebuild/CMakeFiles/CMakeTmp' wordt binnengegaan
Building C object CMakeFiles/cmTC_397cc.dir/CheckFunctionExists.c.o
/usr/bin/cc   -DCHECK_FUNCTION_EXISTS=pthread_create   -o CMakeFiles/cmTC_397cc.dir/CheckFunctionExists.c.o   -c /usr/share/cmake-3.10/Modules/CheckFunctionExists.c
Linking C executable cmTC_397cc
/usr/bin/cmake -E cmake_link_script CMakeFiles/cmTC_397cc.dir/link.txt --verbose=1
/usr/bin/cc  -DCHECK_FUNCTION_EXISTS=pthread_create    -rdynamic CMakeFiles/cmTC_397cc.dir/CheckFunctionExists.c.o  -o cmTC_397cc -lpthreads 
/usr/bin/ld: cannot find -lpthreads
collect2: error: ld returned 1 exit status
CMakeFiles/cmTC_397cc.dir/build.make:97: recipe for target 'cmTC_397cc' failed
make[1]: *** [cmTC_397cc] Error 1
make[1]: Map '/home/student/rospackages_ws/build/catkin_tools_prebuild/CMakeFiles/CMakeTmp' wordt verlaten
Makefile:126: recipe for target 'cmTC_397cc/fast' failed
make: *** [cmTC_397cc/fast] Error 2


