Determining if the pthread_create exist failed with the following output:
Change Dir: /home/student/rospackages_ws/build/ur_msgs/CMakeFiles/CMakeTmp

Run Build Command:"/usr/bin/make" "cmTC_cd00d/fast"
/usr/bin/make -f CMakeFiles/cmTC_cd00d.dir/build.make CMakeFiles/cmTC_cd00d.dir/build
make[1]: Map '/home/student/rospackages_ws/build/ur_msgs/CMakeFiles/CMakeTmp' wordt binnengegaan
Building C object CMakeFiles/cmTC_cd00d.dir/CheckSymbolExists.c.o
/usr/bin/cc    -o CMakeFiles/cmTC_cd00d.dir/CheckSymbolExists.c.o   -c /home/student/rospackages_ws/build/ur_msgs/CMakeFiles/CMakeTmp/CheckSymbolExists.c
Linking C executable cmTC_cd00d
/usr/bin/cmake -E cmake_link_script CMakeFiles/cmTC_cd00d.dir/link.txt --verbose=1
/usr/bin/cc      -rdynamic CMakeFiles/cmTC_cd00d.dir/CheckSymbolExists.c.o  -o cmTC_cd00d 
CMakeFiles/cmTC_cd00d.dir/CheckSymbolExists.c.o: In function `main':
CheckSymbolExists.c:(.text+0x1b): undefined reference to `pthread_create'
collect2: error: ld returned 1 exit status
CMakeFiles/cmTC_cd00d.dir/build.make:97: recipe for target 'cmTC_cd00d' failed
make[1]: *** [cmTC_cd00d] Error 1
make[1]: Map '/home/student/rospackages_ws/build/ur_msgs/CMakeFiles/CMakeTmp' wordt verlaten
Makefile:126: recipe for target 'cmTC_cd00d/fast' failed
make: *** [cmTC_cd00d/fast] Error 2

File /home/student/rospackages_ws/build/ur_msgs/CMakeFiles/CMakeTmp/CheckSymbolExists.c:
/* */
#include <pthread.h>

int main(int argc, char** argv)
{
  (void)argv;
#ifndef pthread_create
  return ((int*)(&pthread_create))[argc];
#else
  (void)argc;
  return 0;
#endif
}

Determining if the function pthread_create exists in the pthreads failed with the following output:
Change Dir: /home/student/rospackages_ws/build/ur_msgs/CMakeFiles/CMakeTmp

Run Build Command:"/usr/bin/make" "cmTC_4b0ef/fast"
/usr/bin/make -f CMakeFiles/cmTC_4b0ef.dir/build.make CMakeFiles/cmTC_4b0ef.dir/build
make[1]: Map '/home/student/rospackages_ws/build/ur_msgs/CMakeFiles/CMakeTmp' wordt binnengegaan
Building C object CMakeFiles/cmTC_4b0ef.dir/CheckFunctionExists.c.o
/usr/bin/cc   -DCHECK_FUNCTION_EXISTS=pthread_create   -o CMakeFiles/cmTC_4b0ef.dir/CheckFunctionExists.c.o   -c /usr/share/cmake-3.10/Modules/CheckFunctionExists.c
Linking C executable cmTC_4b0ef
/usr/bin/cmake -E cmake_link_script CMakeFiles/cmTC_4b0ef.dir/link.txt --verbose=1
/usr/bin/cc  -DCHECK_FUNCTION_EXISTS=pthread_create    -rdynamic CMakeFiles/cmTC_4b0ef.dir/CheckFunctionExists.c.o  -o cmTC_4b0ef -lpthreads 
/usr/bin/ld: cannot find -lpthreads
collect2: error: ld returned 1 exit status
CMakeFiles/cmTC_4b0ef.dir/build.make:97: recipe for target 'cmTC_4b0ef' failed
make[1]: *** [cmTC_4b0ef] Error 1
make[1]: Map '/home/student/rospackages_ws/build/ur_msgs/CMakeFiles/CMakeTmp' wordt verlaten
Makefile:126: recipe for target 'cmTC_4b0ef/fast' failed
make: *** [cmTC_4b0ef/fast] Error 2


