Determining if the pthread_create exist failed with the following output:
Change Dir: /home/student/rospackages_ws/build/ur_gazebo/CMakeFiles/CMakeTmp

Run Build Command:"/usr/bin/make" "cmTC_d2793/fast"
/usr/bin/make -f CMakeFiles/cmTC_d2793.dir/build.make CMakeFiles/cmTC_d2793.dir/build
make[1]: Map '/home/student/rospackages_ws/build/ur_gazebo/CMakeFiles/CMakeTmp' wordt binnengegaan
Building C object CMakeFiles/cmTC_d2793.dir/CheckSymbolExists.c.o
/usr/bin/cc    -o CMakeFiles/cmTC_d2793.dir/CheckSymbolExists.c.o   -c /home/student/rospackages_ws/build/ur_gazebo/CMakeFiles/CMakeTmp/CheckSymbolExists.c
Linking C executable cmTC_d2793
/usr/bin/cmake -E cmake_link_script CMakeFiles/cmTC_d2793.dir/link.txt --verbose=1
/usr/bin/cc      -rdynamic CMakeFiles/cmTC_d2793.dir/CheckSymbolExists.c.o  -o cmTC_d2793 
CMakeFiles/cmTC_d2793.dir/CheckSymbolExists.c.o: In function `main':
CheckSymbolExists.c:(.text+0x1b): undefined reference to `pthread_create'
collect2: error: ld returned 1 exit status
CMakeFiles/cmTC_d2793.dir/build.make:97: recipe for target 'cmTC_d2793' failed
make[1]: *** [cmTC_d2793] Error 1
make[1]: Map '/home/student/rospackages_ws/build/ur_gazebo/CMakeFiles/CMakeTmp' wordt verlaten
Makefile:126: recipe for target 'cmTC_d2793/fast' failed
make: *** [cmTC_d2793/fast] Error 2

File /home/student/rospackages_ws/build/ur_gazebo/CMakeFiles/CMakeTmp/CheckSymbolExists.c:
/* */
#include <pthread.h>

int main(int argc, char** argv)
{
  (void)argv;
#ifndef pthread_create
  return ((int*)(&pthread_create))[argc];
#else
  (void)argc;
  return 0;
#endif
}

Determining if the function pthread_create exists in the pthreads failed with the following output:
Change Dir: /home/student/rospackages_ws/build/ur_gazebo/CMakeFiles/CMakeTmp

Run Build Command:"/usr/bin/make" "cmTC_66a4c/fast"
/usr/bin/make -f CMakeFiles/cmTC_66a4c.dir/build.make CMakeFiles/cmTC_66a4c.dir/build
make[1]: Map '/home/student/rospackages_ws/build/ur_gazebo/CMakeFiles/CMakeTmp' wordt binnengegaan
Building C object CMakeFiles/cmTC_66a4c.dir/CheckFunctionExists.c.o
/usr/bin/cc   -DCHECK_FUNCTION_EXISTS=pthread_create   -o CMakeFiles/cmTC_66a4c.dir/CheckFunctionExists.c.o   -c /usr/share/cmake-3.10/Modules/CheckFunctionExists.c
Linking C executable cmTC_66a4c
/usr/bin/cmake -E cmake_link_script CMakeFiles/cmTC_66a4c.dir/link.txt --verbose=1
/usr/bin/cc  -DCHECK_FUNCTION_EXISTS=pthread_create    -rdynamic CMakeFiles/cmTC_66a4c.dir/CheckFunctionExists.c.o  -o cmTC_66a4c -lpthreads 
/usr/bin/ld: cannot find -lpthreads
collect2: error: ld returned 1 exit status
CMakeFiles/cmTC_66a4c.dir/build.make:97: recipe for target 'cmTC_66a4c' failed
make[1]: *** [cmTC_66a4c] Error 1
make[1]: Map '/home/student/rospackages_ws/build/ur_gazebo/CMakeFiles/CMakeTmp' wordt verlaten
Makefile:126: recipe for target 'cmTC_66a4c/fast' failed
make: *** [cmTC_66a4c/fast] Error 2


