Determining if the pthread_create exist failed with the following output:
Change Dir: /home/student/rospackages_ws/build/ur_bringup/CMakeFiles/CMakeTmp

Run Build Command:"/usr/bin/make" "cmTC_87308/fast"
/usr/bin/make -f CMakeFiles/cmTC_87308.dir/build.make CMakeFiles/cmTC_87308.dir/build
make[1]: Map '/home/student/rospackages_ws/build/ur_bringup/CMakeFiles/CMakeTmp' wordt binnengegaan
Building C object CMakeFiles/cmTC_87308.dir/CheckSymbolExists.c.o
/usr/bin/cc    -o CMakeFiles/cmTC_87308.dir/CheckSymbolExists.c.o   -c /home/student/rospackages_ws/build/ur_bringup/CMakeFiles/CMakeTmp/CheckSymbolExists.c
Linking C executable cmTC_87308
/usr/bin/cmake -E cmake_link_script CMakeFiles/cmTC_87308.dir/link.txt --verbose=1
/usr/bin/cc      -rdynamic CMakeFiles/cmTC_87308.dir/CheckSymbolExists.c.o  -o cmTC_87308 
CMakeFiles/cmTC_87308.dir/CheckSymbolExists.c.o: In function `main':
CheckSymbolExists.c:(.text+0x1b): undefined reference to `pthread_create'
collect2: error: ld returned 1 exit status
CMakeFiles/cmTC_87308.dir/build.make:97: recipe for target 'cmTC_87308' failed
make[1]: *** [cmTC_87308] Error 1
make[1]: Map '/home/student/rospackages_ws/build/ur_bringup/CMakeFiles/CMakeTmp' wordt verlaten
Makefile:126: recipe for target 'cmTC_87308/fast' failed
make: *** [cmTC_87308/fast] Error 2

File /home/student/rospackages_ws/build/ur_bringup/CMakeFiles/CMakeTmp/CheckSymbolExists.c:
/* */
#include <pthread.h>

int main(int argc, char** argv)
{
  (void)argv;
#ifndef pthread_create
  return ((int*)(&pthread_create))[argc];
#else
  (void)argc;
  return 0;
#endif
}

Determining if the function pthread_create exists in the pthreads failed with the following output:
Change Dir: /home/student/rospackages_ws/build/ur_bringup/CMakeFiles/CMakeTmp

Run Build Command:"/usr/bin/make" "cmTC_28143/fast"
/usr/bin/make -f CMakeFiles/cmTC_28143.dir/build.make CMakeFiles/cmTC_28143.dir/build
make[1]: Map '/home/student/rospackages_ws/build/ur_bringup/CMakeFiles/CMakeTmp' wordt binnengegaan
Building C object CMakeFiles/cmTC_28143.dir/CheckFunctionExists.c.o
/usr/bin/cc   -DCHECK_FUNCTION_EXISTS=pthread_create   -o CMakeFiles/cmTC_28143.dir/CheckFunctionExists.c.o   -c /usr/share/cmake-3.10/Modules/CheckFunctionExists.c
Linking C executable cmTC_28143
/usr/bin/cmake -E cmake_link_script CMakeFiles/cmTC_28143.dir/link.txt --verbose=1
/usr/bin/cc  -DCHECK_FUNCTION_EXISTS=pthread_create    -rdynamic CMakeFiles/cmTC_28143.dir/CheckFunctionExists.c.o  -o cmTC_28143 -lpthreads 
/usr/bin/ld: cannot find -lpthreads
collect2: error: ld returned 1 exit status
CMakeFiles/cmTC_28143.dir/build.make:97: recipe for target 'cmTC_28143' failed
make[1]: *** [cmTC_28143] Error 1
make[1]: Map '/home/student/rospackages_ws/build/ur_bringup/CMakeFiles/CMakeTmp' wordt verlaten
Makefile:126: recipe for target 'cmTC_28143/fast' failed
make: *** [cmTC_28143/fast] Error 2


