Determining if the pthread_create exist failed with the following output:
Change Dir: /home/student/rospackages_ws/build/ur_e_gazebo/CMakeFiles/CMakeTmp

Run Build Command:"/usr/bin/make" "cmTC_2d7f7/fast"
/usr/bin/make -f CMakeFiles/cmTC_2d7f7.dir/build.make CMakeFiles/cmTC_2d7f7.dir/build
make[1]: Map '/home/student/rospackages_ws/build/ur_e_gazebo/CMakeFiles/CMakeTmp' wordt binnengegaan
Building C object CMakeFiles/cmTC_2d7f7.dir/CheckSymbolExists.c.o
/usr/bin/cc    -o CMakeFiles/cmTC_2d7f7.dir/CheckSymbolExists.c.o   -c /home/student/rospackages_ws/build/ur_e_gazebo/CMakeFiles/CMakeTmp/CheckSymbolExists.c
Linking C executable cmTC_2d7f7
/usr/bin/cmake -E cmake_link_script CMakeFiles/cmTC_2d7f7.dir/link.txt --verbose=1
/usr/bin/cc      -rdynamic CMakeFiles/cmTC_2d7f7.dir/CheckSymbolExists.c.o  -o cmTC_2d7f7 
CMakeFiles/cmTC_2d7f7.dir/CheckSymbolExists.c.o: In function `main':
CheckSymbolExists.c:(.text+0x1b): undefined reference to `pthread_create'
collect2: error: ld returned 1 exit status
CMakeFiles/cmTC_2d7f7.dir/build.make:97: recipe for target 'cmTC_2d7f7' failed
make[1]: *** [cmTC_2d7f7] Error 1
make[1]: Map '/home/student/rospackages_ws/build/ur_e_gazebo/CMakeFiles/CMakeTmp' wordt verlaten
Makefile:126: recipe for target 'cmTC_2d7f7/fast' failed
make: *** [cmTC_2d7f7/fast] Error 2

File /home/student/rospackages_ws/build/ur_e_gazebo/CMakeFiles/CMakeTmp/CheckSymbolExists.c:
/* */
#include <pthread.h>

int main(int argc, char** argv)
{
  (void)argv;
#ifndef pthread_create
  return ((int*)(&pthread_create))[argc];
#else
  (void)argc;
  return 0;
#endif
}

Determining if the function pthread_create exists in the pthreads failed with the following output:
Change Dir: /home/student/rospackages_ws/build/ur_e_gazebo/CMakeFiles/CMakeTmp

Run Build Command:"/usr/bin/make" "cmTC_8344f/fast"
/usr/bin/make -f CMakeFiles/cmTC_8344f.dir/build.make CMakeFiles/cmTC_8344f.dir/build
make[1]: Map '/home/student/rospackages_ws/build/ur_e_gazebo/CMakeFiles/CMakeTmp' wordt binnengegaan
Building C object CMakeFiles/cmTC_8344f.dir/CheckFunctionExists.c.o
/usr/bin/cc   -DCHECK_FUNCTION_EXISTS=pthread_create   -o CMakeFiles/cmTC_8344f.dir/CheckFunctionExists.c.o   -c /usr/share/cmake-3.10/Modules/CheckFunctionExists.c
Linking C executable cmTC_8344f
/usr/bin/cmake -E cmake_link_script CMakeFiles/cmTC_8344f.dir/link.txt --verbose=1
/usr/bin/cc  -DCHECK_FUNCTION_EXISTS=pthread_create    -rdynamic CMakeFiles/cmTC_8344f.dir/CheckFunctionExists.c.o  -o cmTC_8344f -lpthreads 
/usr/bin/ld: cannot find -lpthreads
collect2: error: ld returned 1 exit status
CMakeFiles/cmTC_8344f.dir/build.make:97: recipe for target 'cmTC_8344f' failed
make[1]: *** [cmTC_8344f] Error 1
make[1]: Map '/home/student/rospackages_ws/build/ur_e_gazebo/CMakeFiles/CMakeTmp' wordt verlaten
Makefile:126: recipe for target 'cmTC_8344f/fast' failed
make: *** [cmTC_8344f/fast] Error 2


