Determining if the pthread_create exist failed with the following output:
Change Dir: /home/student/rospackages_ws/build/ur3_e_moveit_config/CMakeFiles/CMakeTmp

Run Build Command:"/usr/bin/make" "cmTC_acc4f/fast"
/usr/bin/make -f CMakeFiles/cmTC_acc4f.dir/build.make CMakeFiles/cmTC_acc4f.dir/build
make[1]: Map '/home/student/rospackages_ws/build/ur3_e_moveit_config/CMakeFiles/CMakeTmp' wordt binnengegaan
Building C object CMakeFiles/cmTC_acc4f.dir/CheckSymbolExists.c.o
/usr/bin/cc    -o CMakeFiles/cmTC_acc4f.dir/CheckSymbolExists.c.o   -c /home/student/rospackages_ws/build/ur3_e_moveit_config/CMakeFiles/CMakeTmp/CheckSymbolExists.c
Linking C executable cmTC_acc4f
/usr/bin/cmake -E cmake_link_script CMakeFiles/cmTC_acc4f.dir/link.txt --verbose=1
/usr/bin/cc      -rdynamic CMakeFiles/cmTC_acc4f.dir/CheckSymbolExists.c.o  -o cmTC_acc4f 
CMakeFiles/cmTC_acc4f.dir/CheckSymbolExists.c.o: In function `main':
CheckSymbolExists.c:(.text+0x1b): undefined reference to `pthread_create'
collect2: error: ld returned 1 exit status
CMakeFiles/cmTC_acc4f.dir/build.make:97: recipe for target 'cmTC_acc4f' failed
make[1]: *** [cmTC_acc4f] Error 1
make[1]: Map '/home/student/rospackages_ws/build/ur3_e_moveit_config/CMakeFiles/CMakeTmp' wordt verlaten
Makefile:126: recipe for target 'cmTC_acc4f/fast' failed
make: *** [cmTC_acc4f/fast] Error 2

File /home/student/rospackages_ws/build/ur3_e_moveit_config/CMakeFiles/CMakeTmp/CheckSymbolExists.c:
/* */
#include <pthread.h>

int main(int argc, char** argv)
{
  (void)argv;
#ifndef pthread_create
  return ((int*)(&pthread_create))[argc];
#else
  (void)argc;
  return 0;
#endif
}

Determining if the function pthread_create exists in the pthreads failed with the following output:
Change Dir: /home/student/rospackages_ws/build/ur3_e_moveit_config/CMakeFiles/CMakeTmp

Run Build Command:"/usr/bin/make" "cmTC_ee9f4/fast"
/usr/bin/make -f CMakeFiles/cmTC_ee9f4.dir/build.make CMakeFiles/cmTC_ee9f4.dir/build
make[1]: Map '/home/student/rospackages_ws/build/ur3_e_moveit_config/CMakeFiles/CMakeTmp' wordt binnengegaan
Building C object CMakeFiles/cmTC_ee9f4.dir/CheckFunctionExists.c.o
/usr/bin/cc   -DCHECK_FUNCTION_EXISTS=pthread_create   -o CMakeFiles/cmTC_ee9f4.dir/CheckFunctionExists.c.o   -c /usr/share/cmake-3.10/Modules/CheckFunctionExists.c
Linking C executable cmTC_ee9f4
/usr/bin/cmake -E cmake_link_script CMakeFiles/cmTC_ee9f4.dir/link.txt --verbose=1
/usr/bin/cc  -DCHECK_FUNCTION_EXISTS=pthread_create    -rdynamic CMakeFiles/cmTC_ee9f4.dir/CheckFunctionExists.c.o  -o cmTC_ee9f4 -lpthreads 
/usr/bin/ld: cannot find -lpthreads
collect2: error: ld returned 1 exit status
CMakeFiles/cmTC_ee9f4.dir/build.make:97: recipe for target 'cmTC_ee9f4' failed
make[1]: *** [cmTC_ee9f4] Error 1
make[1]: Map '/home/student/rospackages_ws/build/ur3_e_moveit_config/CMakeFiles/CMakeTmp' wordt verlaten
Makefile:126: recipe for target 'cmTC_ee9f4/fast' failed
make: *** [cmTC_ee9f4/fast] Error 2


