Determining if the pthread_create exist failed with the following output:
Change Dir: /home/student/rospackages_ws/build/ur_e_description/CMakeFiles/CMakeTmp

Run Build Command:"/usr/bin/make" "cmTC_ed03f/fast"
/usr/bin/make -f CMakeFiles/cmTC_ed03f.dir/build.make CMakeFiles/cmTC_ed03f.dir/build
make[1]: Map '/home/student/rospackages_ws/build/ur_e_description/CMakeFiles/CMakeTmp' wordt binnengegaan
Building C object CMakeFiles/cmTC_ed03f.dir/CheckSymbolExists.c.o
/usr/bin/cc    -o CMakeFiles/cmTC_ed03f.dir/CheckSymbolExists.c.o   -c /home/student/rospackages_ws/build/ur_e_description/CMakeFiles/CMakeTmp/CheckSymbolExists.c
Linking C executable cmTC_ed03f
/usr/bin/cmake -E cmake_link_script CMakeFiles/cmTC_ed03f.dir/link.txt --verbose=1
/usr/bin/cc      -rdynamic CMakeFiles/cmTC_ed03f.dir/CheckSymbolExists.c.o  -o cmTC_ed03f 
CMakeFiles/cmTC_ed03f.dir/CheckSymbolExists.c.o: In function `main':
CheckSymbolExists.c:(.text+0x1b): undefined reference to `pthread_create'
collect2: error: ld returned 1 exit status
CMakeFiles/cmTC_ed03f.dir/build.make:97: recipe for target 'cmTC_ed03f' failed
make[1]: *** [cmTC_ed03f] Error 1
make[1]: Map '/home/student/rospackages_ws/build/ur_e_description/CMakeFiles/CMakeTmp' wordt verlaten
Makefile:126: recipe for target 'cmTC_ed03f/fast' failed
make: *** [cmTC_ed03f/fast] Error 2

File /home/student/rospackages_ws/build/ur_e_description/CMakeFiles/CMakeTmp/CheckSymbolExists.c:
/* */
#include <pthread.h>

int main(int argc, char** argv)
{
  (void)argv;
#ifndef pthread_create
  return ((int*)(&pthread_create))[argc];
#else
  (void)argc;
  return 0;
#endif
}

Determining if the function pthread_create exists in the pthreads failed with the following output:
Change Dir: /home/student/rospackages_ws/build/ur_e_description/CMakeFiles/CMakeTmp

Run Build Command:"/usr/bin/make" "cmTC_fa309/fast"
/usr/bin/make -f CMakeFiles/cmTC_fa309.dir/build.make CMakeFiles/cmTC_fa309.dir/build
make[1]: Map '/home/student/rospackages_ws/build/ur_e_description/CMakeFiles/CMakeTmp' wordt binnengegaan
Building C object CMakeFiles/cmTC_fa309.dir/CheckFunctionExists.c.o
/usr/bin/cc   -DCHECK_FUNCTION_EXISTS=pthread_create   -o CMakeFiles/cmTC_fa309.dir/CheckFunctionExists.c.o   -c /usr/share/cmake-3.10/Modules/CheckFunctionExists.c
Linking C executable cmTC_fa309
/usr/bin/cmake -E cmake_link_script CMakeFiles/cmTC_fa309.dir/link.txt --verbose=1
/usr/bin/cc  -DCHECK_FUNCTION_EXISTS=pthread_create    -rdynamic CMakeFiles/cmTC_fa309.dir/CheckFunctionExists.c.o  -o cmTC_fa309 -lpthreads 
/usr/bin/ld: cannot find -lpthreads
collect2: error: ld returned 1 exit status
CMakeFiles/cmTC_fa309.dir/build.make:97: recipe for target 'cmTC_fa309' failed
make[1]: *** [cmTC_fa309] Error 1
make[1]: Map '/home/student/rospackages_ws/build/ur_e_description/CMakeFiles/CMakeTmp' wordt verlaten
Makefile:126: recipe for target 'cmTC_fa309/fast' failed
make: *** [cmTC_fa309/fast] Error 2


